c:\users\gebruiker\source\repos\usb application1\x64\debug\usb application1 package\mydriver.cat
c:\users\gebruiker\source\repos\usb application1\usb application1 package\x64\debug\mydriver.inf
c:\users\gebruiker\documents\onedrive\elec projects\github\arduino-isochronous-usb\usb application1\x64\debug\usbapplication1package.cer
c:\users\gebruiker\documents\onedrive\elec projects\github\arduino-isochronous-usb\usb application1\usb application1 package\x64\debug\usb appl.93a5d544.tlog\inf2cat-expand.14760.read.1.tlog
c:\users\gebruiker\documents\onedrive\elec projects\github\arduino-isochronous-usb\usb application1\usb application1 package\x64\debug\usb appl.93a5d544.tlog\inf2cat-expand.14760.write.1.tlog
c:\users\gebruiker\documents\onedrive\elec projects\github\arduino-isochronous-usb\usb application1\usb application1 package\x64\debug\usb appl.93a5d544.tlog\inf2cat-expand.17468.read.1.tlog
c:\users\gebruiker\documents\onedrive\elec projects\github\arduino-isochronous-usb\usb application1\usb application1 package\x64\debug\usb appl.93a5d544.tlog\inf2cat-expand.17468.write.1.tlog
c:\users\gebruiker\documents\onedrive\elec projects\github\arduino-isochronous-usb\usb application1\usb application1 package\x64\debug\usb appl.93a5d544.tlog\inf2cat-expand.18068.read.1.tlog
c:\users\gebruiker\documents\onedrive\elec projects\github\arduino-isochronous-usb\usb application1\usb application1 package\x64\debug\usb appl.93a5d544.tlog\inf2cat-expand.18068.write.1.tlog
c:\users\gebruiker\documents\onedrive\elec projects\github\arduino-isochronous-usb\usb application1\usb application1 package\x64\debug\usb appl.93a5d544.tlog\inf2cat-expand.read.1.tlog
c:\users\gebruiker\documents\onedrive\elec projects\github\arduino-isochronous-usb\usb application1\usb application1 package\x64\debug\usb appl.93a5d544.tlog\inf2cat-expand.write.1.tlog
c:\users\gebruiker\documents\onedrive\elec projects\github\arduino-isochronous-usb\usb application1\usb application1 package\x64\debug\usb appl.93a5d544.tlog\inf2cat.command.1.tlog
c:\users\gebruiker\documents\onedrive\elec projects\github\arduino-isochronous-usb\usb application1\usb application1 package\x64\debug\usb appl.93a5d544.tlog\inf2cat.read.1.tlog
c:\users\gebruiker\documents\onedrive\elec projects\github\arduino-isochronous-usb\usb application1\usb application1 package\x64\debug\usb appl.93a5d544.tlog\inf2cat.read.8.tlog
c:\users\gebruiker\documents\onedrive\elec projects\github\arduino-isochronous-usb\usb application1\usb application1 package\x64\debug\usb appl.93a5d544.tlog\inf2cat.write.1.tlog
c:\users\gebruiker\documents\onedrive\elec projects\github\arduino-isochronous-usb\usb application1\usb application1 package\x64\debug\usb appl.93a5d544.tlog\inf2cat.write.8.tlog
c:\users\gebruiker\documents\onedrive\elec projects\github\arduino-isochronous-usb\usb application1\usb application1 package\x64\debug\usb appl.93a5d544.tlog\signtool.command.1.tlog
c:\users\gebruiker\documents\onedrive\elec projects\github\arduino-isochronous-usb\usb application1\usb application1 package\x64\debug\usb appl.93a5d544.tlog\signtool.read.1.tlog
c:\users\gebruiker\documents\onedrive\elec projects\github\arduino-isochronous-usb\usb application1\usb application1 package\x64\debug\usb appl.93a5d544.tlog\signtool.timestamp.1.tlog
c:\users\gebruiker\documents\onedrive\elec projects\github\arduino-isochronous-usb\usb application1\usb application1 package\x64\debug\usb appl.93a5d544.tlog\signtool.write.1.tlog
c:\users\gebruiker\documents\onedrive\elec projects\github\arduino-isochronous-usb\usb application1\usb application1 package\x64\debug\usb appl.93a5d544.tlog\stampinf.command.1.tlog
c:\users\gebruiker\documents\onedrive\elec projects\github\arduino-isochronous-usb\usb application1\usb application1 package\x64\debug\usb appl.93a5d544.tlog\stampinf.read.1.tlog
c:\users\gebruiker\documents\onedrive\elec projects\github\arduino-isochronous-usb\usb application1\usb application1 package\x64\debug\usb appl.93a5d544.tlog\stampinf.write.1.tlog
